0 info it worked if it ends with ok
1 verbose cli [ 'node', '/usr/local/bin/npm', 'start' ]
2 info using npm@3.9.6
3 info using node@v0.10.32
4 verbose run-script [ 'prestart', 'start', 'poststart' ]
5 info lifecycle libreriadelviento@0.0.1~prestart: libreriadelviento@0.0.1
6 silly lifecycle libreriadelviento@0.0.1~prestart: no script for prestart, continuing
7 info lifecycle libreriadelviento@0.0.1~start: libreriadelviento@0.0.1
8 verbose lifecycle libreriadelviento@0.0.1~start: unsafe-perm in lifecycle true
9 verbose lifecycle libreriadelviento@0.0.1~start: PATH: /usr/local/lib/node_modules/npm/bin/node-gyp-bin:/home/diego/Escritorio/Trash/presentar/tp3/libreriadelvientoV2/libreriadelviento/node_modules/.bin:/usr/local/bin:/usr/local/sbin:/usr/local/bin:/usr/sbin:/usr/bin:/sbin:/bin:/usr/games:/usr/local/games:~/.composer/vendor/bin
10 verbose lifecycle libreriadelviento@0.0.1~start: CWD: /home/diego/Escritorio/Trash/presentar/tp3/libreriadelvientoV2/libreriadelviento
11 silly lifecycle libreriadelviento@0.0.1~start: Args: [ '-c', 'node ./bin/www' ]
12 silly lifecycle libreriadelviento@0.0.1~start: Returned: code: 8  signal: null
13 info lifecycle libreriadelviento@0.0.1~start: Failed to exec start script
14 verbose stack Error: libreriadelviento@0.0.1 start: `node ./bin/www`
14 verbose stack Exit status 8
14 verbose stack     at EventEmitter.<anonymous> (/usr/local/lib/node_modules/npm/lib/utils/lifecycle.js:245:16)
14 verbose stack     at EventEmitter.emit (events.js:98:17)
14 verbose stack     at ChildProcess.<anonymous> (/usr/local/lib/node_modules/npm/lib/utils/spawn.js:24:14)
14 verbose stack     at ChildProcess.emit (events.js:98:17)
14 verbose stack     at maybeClose (child_process.js:756:16)
14 verbose stack     at Process.ChildProcess._handle.onexit (child_process.js:823:5)
15 verbose pkgid libreriadelviento@0.0.1
16 verbose cwd /home/diego/Escritorio/Trash/presentar/tp3/libreriadelvientoV2/libreriadelviento
17 error Linux 3.13.0-88-generic
18 error argv "node" "/usr/local/bin/npm" "start"
19 error node v0.10.32
20 error npm  v3.9.6
21 error code ELIFECYCLE
22 error libreriadelviento@0.0.1 start: `node ./bin/www`
22 error Exit status 8
23 error Failed at the libreriadelviento@0.0.1 start script 'node ./bin/www'.
23 error Make sure you have the latest version of node.js and npm installed.
23 error If you do, this is most likely a problem with the libreriadelviento package,
23 error not with npm itself.
23 error Tell the author that this fails on your system:
23 error     node ./bin/www
23 error You can get information on how to open an issue for this project with:
23 error     npm bugs libreriadelviento
23 error Or if that isn't available, you can get their info via:
23 error     npm owner ls libreriadelviento
23 error There is likely additional logging output above.
24 verbose exit [ 1, true ]
